make all --print-data-base --no-builtin-variables --no-builtin-rules --question
# GNU Make 4.3
# Built for x86_64-pc-linux-gnu
# Copyright (C) 1988-2020 Free Software Foundation, Inc.
# License GPLv3+: GNU GPL version 3 or later <http://gnu.org/licenses/gpl.html>
# This is free software: you are free to change and redistribute it.
# There is NO WARRANTY, to the extent permitted by law.
 

# Make data base, printed on Mon May  9 20:17:58 2022

# Variables

# environment
JAVA_HOME = /usr/lib/jvm/java-8-oracle
# makefile (from 'makefile', line 24)
OBJ = obj
# environment
LC_ALL = C
# makefile (from 'makefile', line 8)
CP_NUMBER = 5
# environment
VSCODE_CWD = /home/bturgay1
# makefile (from 'makefile', line 4)
COURSE = CS240
# default
MAKE_COMMAND := make
# environment
VSCODE_HANDLES_SIGPIPE = true
# automatic
@D = $(patsubst %/,%,$(dir $@))
# environment
VSCODE_HANDLES_UNCAUGHT_ERRORS = true
# default
.VARIABLES := 
# environment
PWD = /home/bturgay1/cs240/CP5
# automatic
%D = $(patsubst %/,%,$(dir $%))
# environment
CHAINENV_CONFIG_ROOT = /home/bturgay1/.config/chainenv
# automatic
^D = $(patsubst %/,%,$(dir $^))
# environment
VSCODE_LOG_STACK = false
# automatic
%F = $(notdir $%)
# environment
LANG = C
# default
.LOADED := 
# default
.INCLUDE_DIRS = /usr/local/include /usr/include /usr/include
# makefile
MAKEFLAGS = pqrR
# makefile
CURDIR := /home/bturgay1/cs240/CP5
# environment
VSCODE_PIPE_LOGGING = true
# environment
J2REDIR = /usr/lib/jvm/java-8-oracle/jre
# environment
APPLICATION_INSIGHTS_NO_DIAGNOSTIC_CHANNEL = true
# automatic
*D = $(patsubst %/,%,$(dir $*))
# environment
MFLAGS = -pqrR
# default
.SHELLFLAGS := -c
# automatic
+D = $(patsubst %/,%,$(dir $+))
# makefile (from 'makefile', line 1)
MAKEFILE_LIST := makefile
# automatic
@F = $(notdir $@)
# environment
VSCODE_VERBOSE_LOGGING = true
# environment
KRB5CCNAME = FILE:/tmp/krb5cc_15853_TrTZcg0rDj
# environment
XDG_SESSION_TYPE = tty
# automatic
?D = $(patsubst %/,%,$(dir $?))
# makefile (from 'makefile', line 17)
REPODIR = ../$(COURSE)-CP$(CP_NUMBER)
# makefile (from 'makefile', line 20)
FLAGS = -Wall -Wextra -g
# automatic
*F = $(notdir $*)
# environment
DBUS_SESSION_BUS_ADDRESS = unix:path=/run/user/15853/bus
# automatic
<D = $(patsubst %/,%,$(dir $<))
# environment
VSCODE_NLS_CONFIG = {"locale":"en","availableLanguages":{}}
# default
MAKE_HOST := x86_64-pc-linux-gnu
# makefile
SHELL = /bin/sh
# default
MAKECMDGOALS := all
# environment
SHLVL = 0
# environment
MAKELEVEL := 0
# default
MAKE = $(MAKE_COMMAND)
# environment
PATH = /home/bturgay1/.vscode-server/bin/57fd6d0195bb9b9d1b49f6da5db789060795de47/bin/remote-cli:/home/bturgay1/.config/chainenv/shims:/opt/chainenv/bin:/usr/local/bin:/usr/bin:/bin:/usr/local/games:/usr/games:/usr/lib/jvm/java-8-oracle/bin:/usr/lib/jvm/java-8-oracle/db/bin:/usr/lib/jvm/java-8-oracle/jre/bin
# default
MAKEFILES := 
# environment
MOTD_SHOWN = pam
# automatic
^F = $(notdir $^)
# environment
SSH_CLIENT = 173.226.237.130 65504 22
# environment
VIRTUALENVWRAPPER_SCRIPT = /usr/share/virtualenvwrapper/virtualenvwrapper.sh
# environment
VSCODE_LOG_NATIVE = false
# makefile (from 'makefile', line 5)
SEMESTER = spring2022
# automatic
?F = $(notdir $?)
# environment
CHAINENV_ROOT = /opt/chainenv
# automatic
+F = $(notdir $+)
# 'override' directive
GNUMAKEFLAGS := 
# environment
BROWSER = /home/bturgay1/.vscode-server/bin/57fd6d0195bb9b9d1b49f6da5db789060795de47/bin/helpers/browser.sh
# environment
LOGNAME = bturgay1
# environment
CHAINENV_SHELL = bash
# makefile (from 'makefile', line 14)
EXE = main
# makefile (from 'makefile', line 12)
GITUSERID = MrBoris1
# makefile
.DEFAULT_GOAL := all
# environment
USER = bturgay1
# default
MAKE_VERSION := 4.3
# environment
VSCODE_EXTHOST_WILL_SEND_SOCKET = true
# environment
VSCODE_AGENT_FOLDER = /home/bturgay1/.vscode-server
# makefile (from 'makefile', line 11)
LASTNAME = Turgay
# environment
_ = /home/bturgay1/.vscode-server/bin/57fd6d0195bb9b9d1b49f6da5db789060795de47/node
# makefile (from 'makefile', line 23)
BIN = bin
# environment
XDG_RUNTIME_DIR = /run/user/15853
# environment
VSCODE_IPC_HOOK_CLI = /run/user/15853/vscode-ipc-1871d49e-bee8-4abb-8cb5-5edc0f6debf6.sock
# makefile (from 'makefile', line 18)
TARFILE = CP$(CP_NUMBER)_$(LASTNAME)_$(USER)_$(GITUSERID).tar
# environment
XDG_SESSION_CLASS = user
# environment
VSCODE_AMD_ENTRYPOINT = vs/workbench/api/node/extensionHostProcess
# environment
HOME = /home/bturgay1
# environment
J2SDKDIR = /usr/lib/jvm/java-8-oracle
# environment
XDG_SESSION_ID = 218318
# default
.RECIPEPREFIX := 
# automatic
<F = $(notdir $<)
# default
SUFFIXES := 
# environment
_VIRTUALENVWRAPPER_API =  mkvirtualenv rmvirtualenv lsvirtualenv showvirtualenv workon add2virtualenv cdsitepackages cdvirtualenv lssitepackages toggleglobalsitepackages cpvirtualenv setvirtualenvproject mkproject cdproject mktmpenv wipeenv allvirtualenv
# default
.FEATURES := target-specific order-only second-expansion else-if shortest-stem undefine oneshell nocomment grouped-target extra-prereqs archives jobserver output-sync check-symlink load
# makefile (from 'makefile', line 22)
CC = g++
# environment
DERBY_HOME = /usr/lib/jvm/java-8-oracle/db
# environment
SSH_CONNECTION = 173.226.237.130 65504 128.226.114.205 22
# variable set hash-table stats:
# Load=88/1024=9%, Rehash=0, Collisions=13/130=10%

# Pattern-specific Variable Values

# No pattern-specific variable values.

# Directories

# . (device 54, inode 50017454128): 21 files, no impossibilities.

# 21 files, no impossibilities in 1 directories.

# Implicit Rules

# No implicit rules.

# Files

# Not a target:
Parser.h:
#  Implicit rule search has been done.
#  Last modified 2022-05-08 20:51:27.075238657
#  File has been updated.
#  Successfully updated.

obj/PlayerNode.o: PlayerNode.cpp PlayerNode.h BST.h
#  Implicit rule search has not been done.
#  Last modified 2022-05-09 19:53:54.145731471
#  File has been updated.
#  Successfully updated.
#  recipe to execute (from 'makefile', line 41):
	$(CC) $(FLAGS) -c PlayerNode.cpp -o $@

obj/Player.o: Player.cpp Player.h
#  Implicit rule search has not been done.
#  Last modified 2022-05-09 19:53:51.649740531
#  File has been updated.
#  Successfully updated.
#  recipe to execute (from 'makefile', line 38):
	$(CC) $(FLAGS) -c Player.cpp -o $@

obj/main.o: main.cpp Parser.h
#  Implicit rule search has not been done.
#  Last modified 2022-05-09 19:53:53.533733692
#  File has been updated.
#  Successfully updated.
#  recipe to execute (from 'makefile', line 32):
	$(CC) $(FLAGS) -c main.cpp -o $@

tar: clean
#  Implicit rule search has not been done.
#  Modification time never checked.
#  File has not been updated.
#  recipe to execute (from 'makefile', line 47):
	tar cvvf $(TARFILE) $(REPODIR)
	gzip $(TARFILE)

# Not a target:
Player.cpp:
#  Implicit rule search has been done.
#  Last modified 2022-05-08 20:51:27.075238657
#  File has been updated.
#  Successfully updated.

# Not a target:
Hash.cpp:
#  Implicit rule search has been done.
#  Last modified 2022-05-09 20:01:57.135985577
#  File has been updated.
#  Successfully updated.

clean:
#  Implicit rule search has not been done.
#  Modification time never checked.
#  File has not been updated.
#  recipe to execute (from 'makefile', line 51):
	rm -f $(OBJ)/*.o $(BIN)/$(EXE) *.tar.gz

# Not a target:
Player.h:
#  Implicit rule search has been done.
#  Last modified 2022-05-08 20:51:27.079238643
#  File has been updated.
#  Successfully updated.

bin/main: obj/Player.o obj/main.o obj/PlayerNode.o obj/Hash.o
#  Implicit rule search has not been done.
#  Last modified 2022-05-09 20:02:00.53997331
#  File has been updated.
#  Successfully updated.
#  recipe to execute (from 'makefile', line 29):
	$(CC) $(FLAGS) $(OBJ)/Player.o $(OBJ)/main.o $(OBJ)/PlayerNode.o $(OBJ)/Hash.o -o $@

# Not a target:
.DEFAULT:
#  Implicit rule search has not been done.
#  Modification time never checked.
#  File has not been updated.

all: bin/main
#  Command line target.
#  Implicit rule search has been done.
#  File does not exist.
#  File has been updated.
#  Successfully updated.

# Not a target:
PlayerNode.cpp:
 
#  Implicit rule search has been done.
#  Last modified 2022-05-09 19:49:44.306641452
#  File has been updated.
#  Successfully updated.

# Not a target:
Hash.h:
#  Implicit rule search has been done.
#  Last modified 2022-05-09 17:43:32.881268286
#  File has been updated.
#  Successfully updated.

# Not a target:
main.cpp:
#  Implicit rule search has been done.
#  Last modified 2022-05-09 19:38:41.149115085
#  File has been updated.
#  Successfully updated.

obj/Hash.o: Hash.cpp Hash.h
#  Implicit rule search has not been done.
#  Last modified 2022-05-09 20:02:00.243974376
#  File has been updated.
#  Successfully updated.
#  recipe to execute (from 'makefile', line 35):
	$(CC) $(FLAGS) -c Hash.cpp -o $@

# Not a target:
BST.h:
#  Implicit rule search has been done.
#  Last modified 2022-05-09 19:28:44.031255534
#  File has been updated.
#  Successfully updated.

# Not a target:
makefile:
#  Implicit rule search has been done.
#  Last modified 2022-05-08 20:51:27.087238615
#  File has been updated.
#  Successfully updated.

# Not a target:
PlayerNode.h:
#  Implicit rule search has been done.
#  Last modified 2022-05-09 17:45:33.996817612
#  File has been updated.
#  Successfully updated.

# files hash-table stats:
# Load=20/1024=2%, Rehash=0, Collisions=0/52=0%
# VPATH Search Paths

# No 'vpath' search paths.

# No general ('VPATH' variable) search path.

# strcache buffers: 1 (0) / strings = 33 / storage = 292 B / avg = 8 B
# current buf: size = 8162 B / used = 292 B / count = 33 / avg = 8 B

# strcache performance: lookups = 61 / hit rate = 45%
# hash-table stats:
# Load=33/8192=0%, Rehash=0, Collisions=0/61=0%
# Finished Make data base on Mon May  9 20:17:58 2022

 
